# JRE version: Java(TM) SE Runtime Environment (8.0_291-b10) (build 1.8.0_291-b10)
# Java VM: Java HotSpot(TM) 64-Bit Server VM (25.291-b10 mixed mode bsd-amd64 compressed oops)
Heap:
 PSYoungGen      total 233984K, used 232350K [0x0000000795580000, 0x00000007a8d80000, 0x00000007c0000000)
  eden space 229376K, 99% used [0x0000000795580000,0x00000007a3407948,0x00000007a3580000)
  from space 4608K, 97% used [0x00000007a8900000,0x00000007a8d601b0,0x00000007a8d80000)
  to   space 16896K, 0% used [0x00000007a6c80000,0x00000007a6c80000,0x00000007a7d00000)
 ParOldGen       total 101888K, used 28921K [0x0000000740000000, 0x0000000746380000, 0x0000000795580000)
  object space 101888K, 28% used [0x0000000740000000,0x0000000741c3e7b8,0x0000000746380000)
 Metaspace       used 63076K, capacity 67233K, committed 67288K, reserved 1107968K
  class space    used 9012K, capacity 9680K, committed 9688K, reserved 1048576K
GC Heap History (10 events):
Event: 210.915 GC heap before
{Heap before GC invocations=13 (full 3):
 PSYoungGen      total 220672K, used 204800K [0x0000000795580000, 0x00000007a7480000, 0x00000007c0000000)
  eden space 204800K, 100% used [0x0000000795580000,0x00000007a1d80000,0x00000007a1d80000)
  from space 15872K, 0% used [0x00000007a1d80000,0x00000007a1d80000,0x00000007a2d00000)
  to   space 18432K, 0% used [0x00000007a6280000,0x00000007a6280000,0x00000007a7480000)
 ParOldGen       total 101888K, used 28881K [0x0000000740000000, 0x0000000746380000, 0x0000000795580000)
  object space 101888K, 28% used [0x0000000740000000,0x0000000741c347b8,0x0000000746380000)
 Metaspace       used 61744K, capacity 65821K, committed 65880K, reserved 1105920K
  class space    used 8829K, capacity 9514K, committed 9560K, reserved 1048576K
Event: 211.053 GC heap after
Heap after GC invocations=13 (full 3):
 PSYoungGen      total 275456K, used 7432K [0x0000000795580000, 0x00000007a7400000, 0x00000007c0000000)
  eden space 257536K, 0% used [0x0000000795580000,0x0000000795580000,0x00000007a5100000)
  from space 17920K, 41% used [0x00000007a6280000,0x00000007a69c2188,0x00000007a7400000)
  to   space 17920K, 0% used [0x00000007a5100000,0x00000007a5100000,0x00000007a6280000)
 ParOldGen       total 101888K, used 28889K [0x0000000740000000, 0x0000000746380000, 0x0000000795580000)
  object space 101888K, 28% used [0x0000000740000000,0x0000000741c367b8,0x0000000746380000)
 Metaspace       used 61744K, capacity 65821K, committed 65880K, reserved 1105920K
  class space    used 8829K, capacity 9514K, committed 9560K, reserved 1048576K
}
Event: 5367.728 GC heap before
{Heap before GC invocations=14 (full 3):
 PSYoungGen      total 275456K, used 264968K [0x0000000795580000, 0x00000007a7400000, 0x00000007c0000000)
  eden space 257536K, 100% used [0x0000000795580000,0x00000007a5100000,0x00000007a5100000)
  from space 17920K, 41% used [0x00000007a6280000,0x00000007a69c2188,0x00000007a7400000)
  to   space 17920K, 0% used [0x00000007a5100000,0x00000007a5100000,0x00000007a6280000)
 ParOldGen       total 101888K, used 28889K [0x0000000740000000, 0x0000000746380000, 0x0000000795580000)
  object space 101888K, 28% used [0x0000000740000000,0x0000000741c367b8,0x0000000746380000)
 Metaspace       used 62054K, capacity 66221K, committed 66520K, reserved 1105920K
  class space    used 8877K, capacity 9568K, committed 9688K, reserved 1048576K
Event: 5368.136 GC heap after
Heap after GC invocations=14 (full 3):
 PSYoungGen      total 275456K, used 5222K [0x0000000795580000, 0x00000007aaa80000, 0x00000007c0000000)
  eden space 257536K, 0% used [0x0000000795580000,0x0000000795580000,0x00000007a5100000)
  from space 17920K, 29% used [0x00000007a5100000,0x00000007a5619bc8,0x00000007a6280000)
  to   space 17920K, 0% used [0x00000007a9900000,0x00000007a9900000,0x00000007aaa80000)
 ParOldGen       total 101888K, used 28897K [0x0000000740000000, 0x0000000746380000, 0x0000000795580000)
  object space 101888K, 28% used [0x0000000740000000,0x0000000741c387b8,0x0000000746380000)
 Metaspace       used 62054K, capacity 66221K, committed 66520K, reserved 1105920K
  class space    used 8877K, capacity 9568K, committed 9688K, reserved 1048576K
}
Event: 7168.876 GC heap before
{Heap before GC invocations=15 (full 3):
 PSYoungGen      total 275456K, used 262758K [0x0000000795580000, 0x00000007aaa80000, 0x00000007c0000000)
  eden space 257536K, 100% used [0x0000000795580000,0x00000007a5100000,0x00000007a5100000)
  from space 17920K, 29% used [0x00000007a5100000,0x00000007a5619bc8,0x00000007a6280000)
  to   space 17920K, 0% used [0x00000007a9900000,0x00000007a9900000,0x00000007aaa80000)
 ParOldGen       total 101888K, used 28897K [0x0000000740000000, 0x0000000746380000, 0x0000000795580000)
  object space 101888K, 28% used [0x0000000740000000,0x0000000741c387b8,0x0000000746380000)
 Metaspace       used 62083K, capacity 66245K, committed 66520K, reserved 1105920K
  class space    used 8881K, capacity 9572K, committed 9688K, reserved 1048576K
Event: 7169.047 GC heap after
Heap after GC invocations=15 (full 3):
 PSYoungGen      total 252416K, used 4496K [0x0000000795580000, 0x00000007a9d80000, 0x00000007c0000000)
  eden space 247808K, 0% used [0x0000000795580000,0x0000000795580000,0x00000007a4780000)
  from space 4608K, 97% used [0x00000007a9900000,0x00000007a9d64260,0x00000007a9d80000)
  to   space 17408K, 0% used [0x00000007a7b80000,0x00000007a7b80000,0x00000007a8c80000)
 ParOldGen       total 101888K, used 28905K [0x0000000740000000, 0x0000000746380000, 0x0000000795580000)
  object space 101888K, 28% used [0x0000000740000000,0x0000000741c3a7b8,0x0000000746380000)
 Metaspace       used 62083K, capacity 66245K, committed 66520K, reserved 1105920K
  class space    used 8881K, capacity 9572K, committed 9688K, reserved 1048576K
}
Event: 11006.688 GC heap before
{Heap before GC invocations=16 (full 3):
 PSYoungGen      total 252416K, used 252304K [0x0000000795580000, 0x00000007a9d80000, 0x00000007c0000000)
  eden space 247808K, 100% used [0x0000000795580000,0x00000007a4780000,0x00000007a4780000)
  from space 4608K, 97% used [0x00000007a9900000,0x00000007a9d64260,0x00000007a9d80000)
  to   space 17408K, 0% used [0x00000007a7b80000,0x00000007a7b80000,0x00000007a8c80000)
 ParOldGen       total 101888K, used 28905K [0x0000000740000000, 0x0000000746380000, 0x0000000795580000)
  object space 101888K, 28% used [0x0000000740000000,0x0000000741c3a7b8,0x0000000746380000)
 Metaspace       used 63039K, capacity 67233K, committed 67288K, reserved 1107968K
  class space    used 9010K, capacity 9680K, committed 9688K, reserved 1048576K
Event: 11007.186 GC heap after
Heap after GC invocations=16 (full 3):
 PSYoungGen      total 245248K, used 6224K [0x0000000795580000, 0x00000007a9980000, 0x00000007c0000000)
  eden space 238592K, 0% used [0x0000000795580000,0x0000000795580000,0x00000007a3e80000)
  from space 6656K, 93% used [0x00000007a7b80000,0x00000007a81942a8,0x00000007a8200000)
  to   space 16896K, 0% used [0x00000007a8900000,0x00000007a8900000,0x00000007a9980000)
 ParOldGen       total 101888K, used 28913K [0x0000000740000000, 0x0000000746380000, 0x0000000795580000)
  object space 101888K, 28% used [0x0000000740000000,0x0000000741c3c7b8,0x0000000746380000)
 Metaspace       used 63039K, capacity 67233K, committed 67288K, reserved 1107968K
  class space    used 9010K, capacity 9680K, committed 9688K, reserved 1048576K
}
Event: 11369.644 GC heap before
{Heap before GC invocations=17 (full 3):
 PSYoungGen      total 245248K, used 244816K [0x0000000795580000, 0x00000007a9980000, 0x00000007c0000000)
  eden space 238592K, 100% used [0x0000000795580000,0x00000007a3e80000,0x00000007a3e80000)
  from space 6656K, 93% used [0x00000007a7b80000,0x00000007a81942a8,0x00000007a8200000)
  to   space 16896K, 0% used [0x00000007a8900000,0x00000007a8900000,0x00000007a9980000)
 ParOldGen       total 101888K, used 28913K [0x0000000740000000, 0x0000000746380000, 0x0000000795580000)
  object space 101888K, 28% used [0x0000000740000000,0x0000000741c3c7b8,0x0000000746380000)
 Metaspace       used 63062K, capacity 67233K, committed 67288K, reserved 1107968K
  class space    used 9011K, capacity 9680K, committed 9688K, reserved 1048576K
Event: 11369.816 GC heap after
Heap after GC invocations=17 (full 3):
 PSYoungGen      total 233984K, used 4480K [0x0000000795580000, 0x00000007a8d80000, 0x00000007c0000000)
  eden space 229376K, 0% used [0x0000000795580000,0x0000000795580000,0x00000007a3580000)
  from space 4608K, 97% used [0x00000007a8900000,0x00000007a8d601b0,0x00000007a8d80000)
  to   space 16896K, 0% used [0x00000007a6c80000,0x00000007a6c80000,0x00000007a7d00000)
 ParOldGen       total 101888K, used 28921K [0x0000000740000000, 0x0000000746380000, 0x0000000795580000)
  object space 101888K, 28% used [0x0000000740000000,0x0000000741c3e7b8,0x0000000746380000)
 Metaspace       used 63062K, capacity 67233K, committed 67288K, reserved 1107968K
  class space    used 9011K, capacity 9680K, committed 9688K, reserved 1048576K
}

